2024-10-15 22:40:21:666 grammar LogManager.java:25 before: (COMBINED_GRAMMAR SystemVerilog2Tree (@ header {
package SystemVerilog2TreeTransformation;
}) (RULES (RULE ELSE (BLOCK (ALT 'else'))) (RULE CASE (BLOCK (ALT 'case'))) (RULE DEFAULT (BLOCK (ALT 'default'))) (RULE BREAK (BLOCK (ALT 'break'))) (RULE FOR (BLOCK (ALT 'for'))) (RULE WHILE (BLOCK (ALT 'while'))) (RULE BEGIN (BLOCK (ALT 'begin'))) (RULE END (BLOCK (ALT 'end'))) (RULE ENDCASE (BLOCK (ALT 'endcase'))) (RULE IF (BLOCK (ALT 'if'))) (RULE DISPLAY (BLOCK (ALT '$display'))) (RULE ID (BLOCK (ALT [a-zA-Z_.] (* (BLOCK (ALT [a-zA-Z0-9_.])))))) (RULE INT (BLOCK (ALT (+ (BLOCK (ALT [0-9])))))) (RULE HEX_INT (BLOCK (ALT '0x' (+ (BLOCK (ALT [0-9a-fA-F])))))) (RULE WS (BLOCK (LEXER_ALT_ACTION (ALT (+ (BLOCK (ALT [ \t\r\n])))) skip))) (RULE SINGLE_LINE_COMMENT (BLOCK (ALT '//' (* (BLOCK (ALT (~ (SET [\r\n])))))))) (RULE MULTI_LINE_COMMENT (BLOCK (ALT '/*' (* (BLOCK (ALT .))) '*/'))) (RULE STRING (BLOCK (ALT '"' (* (BLOCK (ALT '\\"') (ALT (~ (SET ["]))))) '"'))) (RULE CHAR (BLOCK (ALT '\'' . '\''))) (RULE SEMICOLON (BLOCK (ALT ';'))) (RULE COLON (BLOCK (ALT ':'))) (RULE COMMA (BLOCK (ALT ','))) (RULE DOT (BLOCK (ALT '.'))) (RULE LPAREN (BLOCK (ALT '('))) (RULE RPAREN (BLOCK (ALT ')'))) (RULE LBRACE (BLOCK (ALT '{'))) (RULE RBRACE (BLOCK (ALT '}'))) (RULE LBRACK (BLOCK (ALT '['))) (RULE RBRACK (BLOCK (ALT ']'))) (RULE EQUAL (BLOCK (ALT '='))) (RULE PLUS (BLOCK (ALT '+'))) (RULE MINUS (BLOCK (ALT '-'))) (RULE STAR (BLOCK (ALT '*'))) (RULE SLASH (BLOCK (ALT '/'))) (RULE PERCENT (BLOCK (ALT '%'))) (RULE LT (BLOCK (ALT '<'))) (RULE GT (BLOCK (ALT '>'))) (RULE LE (BLOCK (ALT '<='))) (RULE GE (BLOCK (ALT '>='))) (RULE EQEQ (BLOCK (ALT '=='))) (RULE NOTEQ (BLOCK (ALT '!='))) (RULE QUOTE (BLOCK (ALT '\''))) (RULE DOLLAR (BLOCK (ALT '$'))) (RULE file (BLOCK (ALT (* (BLOCK (ALT moduleDecl))) EOF))) (RULE moduleDecl (BLOCK (ALT 'module' ID SEMICOLON (* (BLOCK (ALT moduleItem))) 'endmodule'))) (RULE moduleItem (BLOCK (ALT declaration) (ALT functionDecl) (ALT statement) (ALT initialBlock))) (RULE initialBlock (BLOCK (ALT 'initial' BEGIN statement END))) (RULE functionDecl (BLOCK (ALT 'function' returnType ID LPAREN (? (BLOCK (ALT parameterList))) RPAREN SEMICOLON (* (BLOCK (ALT statement))) 'endfunction'))) (RULE returnType (BLOCK (ALT 'void') (ALT 'int') (ALT 'real') (ALT ID))) (RULE parameterList (BLOCK (ALT parameter (* (BLOCK (ALT (? (BLOCK (ALT COMMA))) (BLOCK (ALT parameter) (ALT 'const') (ALT '*')))))))) (RULE parameter (BLOCK (ALT ID) (ALT 'void'))) (RULE declaration (BLOCK (ALT dataType ID (? (BLOCK (ALT LBRACK INT COLON INT RBRACK))) (? (BLOCK (ALT EQUAL primary))) SEMICOLON))) (RULE dataType (BLOCK (ALT 'int') (ALT 'real') (ALT 'logic') (ALT 'byte') (ALT ID))) (RULE statement (BLOCK (ALT (BLOCK (ALT assignment) (ALT declaration) (ALT functionCall) (ALT ifStatement) (ALT loopStatement) (ALT switchStatement) (ALT displayStatement) (ALT comment)) (? (BLOCK (ALT SEMICOLON)))))) (RULE statementTwo (BLOCK (ALT (BLOCK (ALT assignment) (ALT declaration) (ALT functionCall) (ALT ifStatement) (ALT loopStatement) (ALT switchStatement) (ALT displayStatement) (ALT comment)) (? (BLOCK (ALT SEMICOLON)))))) (RULE assignment (BLOCK (ALT indexedID (BLOCK (ALT (BLOCK (ALT EQUAL expression))) (ALT (BLOCK (ALT '++'))) (ALT (BLOCK (ALT '--'))))))) (RULE indexedID (BLOCK (ALT ID (* (BLOCK (ALT LBRACK expression RBRACK)))))) (RULE functionCall (BLOCK (ALT ID LPAREN (? (BLOCK (ALT argumentList))) RPAREN))) (RULE argumentList (BLOCK (ALT argument (* (BLOCK (ALT COMMA argument)))))) (RULE argument (BLOCK (ALT expression) (ALT transformedArgument))) (RULE transformedArgument (BLOCK (ALT dataCastArgument) (ALT bitsArgument))) (RULE dataCastArgument (BLOCK (ALT dataType QUOTE ID))) (RULE bitsArgument (BLOCK (ALT DOLLAR 'bits' LPAREN ID RPAREN))) (RULE functionCallID (BLOCK (ALT ID))) (RULE ifStatement (BLOCK (ALT IF LPAREN expression RPAREN BEGIN (+ (BLOCK (ALT statement))) END (? (BLOCK (ALT ELSE BEGIN (+ (BLOCK (ALT statementTwo))) END)))))) (RULE loopStatement (BLOCK (ALT forLoop) (ALT whileLoop))) (RULE forLoop (BLOCK (ALT FOR LPAREN dataType assignment SEMICOLON expression SEMICOLON assignment RPAREN (? (BLOCK (ALT BEGIN))) (+ (BLOCK (ALT statement))) (? (BLOCK (ALT END)))))) (RULE whileLoop (BLOCK (ALT WHILE LPAREN expression RPAREN (? (BLOCK (ALT BEGIN))) (+ (BLOCK (ALT statement))) (? (BLOCK (ALT END)))))) (RULE switchStatement (BLOCK (ALT CASE LPAREN expression RPAREN (+ (BLOCK (ALT caseBlock))) (? (BLOCK (ALT defaultBlock))) ENDCASE))) (RULE caseBlock (BLOCK (ALT expression COLON (? (BLOCK (ALT BEGIN))) (* (BLOCK (ALT statement))) (? (BLOCK (ALT END))) (? (BLOCK (ALT SEMICOLON)))))) (RULE defaultBlock (BLOCK (ALT DEFAULT COLON (? (BLOCK (ALT (* (BLOCK (ALT statement)))))) (? (BLOCK (ALT SEMICOLON)))))) (RULE expression (BLOCK (ALT primary (? (BLOCK (ALT LPAREN (? (BLOCK (ALT argumentList))) RPAREN))) (* (BLOCK (ALT operator primary)))))) (RULE primary (BLOCK (ALT ID) (ALT HEX_INT) (ALT INT) (ALT STRING) (ALT CHAR) (ALT dataType) (ALT LPAREN expression RPAREN) (ALT castFunctionCall))) (RULE operator (BLOCK (ALT PLUS) (ALT MINUS) (ALT STAR) (ALT SLASH) (ALT PERCENT) (ALT LT) (ALT GT) (ALT LE) (ALT GE) (ALT EQEQ) (ALT NOTEQ))) (RULE castFunctionCall (BLOCK (ALT dataType QUOTE ID LPAREN RPAREN))) (RULE displayStatement (BLOCK (ALT DISPLAY LPAREN (? (BLOCK (ALT STRING))) (? (BLOCK (ALT argument))) (? (BLOCK (ALT COMMA argumentList))) RPAREN))) (RULE comment (BLOCK (ALT SINGLE_LINE_COMMENT) (ALT MULTI_LINE_COMMENT)))))
2024-10-15 22:40:21:689 grammar LogManager.java:25 after: (COMBINED_GRAMMAR SystemVerilog2Tree (@ header {
package SystemVerilog2TreeTransformation;
}) (RULES (RULE ELSE (BLOCK (ALT 'else'))) (RULE CASE (BLOCK (ALT 'case'))) (RULE DEFAULT (BLOCK (ALT 'default'))) (RULE BREAK (BLOCK (ALT 'break'))) (RULE FOR (BLOCK (ALT 'for'))) (RULE WHILE (BLOCK (ALT 'while'))) (RULE BEGIN (BLOCK (ALT 'begin'))) (RULE END (BLOCK (ALT 'end'))) (RULE ENDCASE (BLOCK (ALT 'endcase'))) (RULE IF (BLOCK (ALT 'if'))) (RULE DISPLAY (BLOCK (ALT '$display'))) (RULE ID (BLOCK (ALT [a-zA-Z_.] (* (BLOCK (ALT [a-zA-Z0-9_.])))))) (RULE INT (BLOCK (ALT (+ (BLOCK (ALT [0-9])))))) (RULE HEX_INT (BLOCK (ALT '0x' (+ (BLOCK (ALT [0-9a-fA-F])))))) (RULE WS (BLOCK (LEXER_ALT_ACTION (ALT (+ (BLOCK (ALT [ \t\r\n])))) skip))) (RULE SINGLE_LINE_COMMENT (BLOCK (ALT '//' (* (BLOCK (ALT (~ (SET [\r\n])))))))) (RULE MULTI_LINE_COMMENT (BLOCK (ALT '/*' (* (BLOCK (ALT .))) '*/'))) (RULE STRING (BLOCK (ALT '"' (* (BLOCK (ALT '\\"') (ALT (~ (SET ["]))))) '"'))) (RULE CHAR (BLOCK (ALT '\'' . '\''))) (RULE SEMICOLON (BLOCK (ALT ';'))) (RULE COLON (BLOCK (ALT ':'))) (RULE COMMA (BLOCK (ALT ','))) (RULE DOT (BLOCK (ALT '.'))) (RULE LPAREN (BLOCK (ALT '('))) (RULE RPAREN (BLOCK (ALT ')'))) (RULE LBRACE (BLOCK (ALT '{'))) (RULE RBRACE (BLOCK (ALT '}'))) (RULE LBRACK (BLOCK (ALT '['))) (RULE RBRACK (BLOCK (ALT ']'))) (RULE EQUAL (BLOCK (ALT '='))) (RULE PLUS (BLOCK (ALT '+'))) (RULE MINUS (BLOCK (ALT '-'))) (RULE STAR (BLOCK (ALT '*'))) (RULE SLASH (BLOCK (ALT '/'))) (RULE PERCENT (BLOCK (ALT '%'))) (RULE LT (BLOCK (ALT '<'))) (RULE GT (BLOCK (ALT '>'))) (RULE LE (BLOCK (ALT '<='))) (RULE GE (BLOCK (ALT '>='))) (RULE EQEQ (BLOCK (ALT '=='))) (RULE NOTEQ (BLOCK (ALT '!='))) (RULE QUOTE (BLOCK (ALT '\''))) (RULE DOLLAR (BLOCK (ALT '$'))) (RULE file (BLOCK (ALT (* (BLOCK (ALT moduleDecl))) EOF))) (RULE moduleDecl (BLOCK (ALT 'module' ID SEMICOLON (* (BLOCK (ALT moduleItem))) 'endmodule'))) (RULE moduleItem (BLOCK (ALT declaration) (ALT functionDecl) (ALT statement) (ALT initialBlock))) (RULE initialBlock (BLOCK (ALT 'initial' BEGIN statement END))) (RULE functionDecl (BLOCK (ALT 'function' returnType ID LPAREN (? (BLOCK (ALT parameterList))) RPAREN SEMICOLON (* (BLOCK (ALT statement))) 'endfunction'))) (RULE returnType (BLOCK (ALT (SET 'void' 'int' 'real' ID)))) (RULE parameterList (BLOCK (ALT parameter (* (BLOCK (ALT (? (BLOCK (ALT COMMA))) (BLOCK (ALT parameter) (ALT 'const') (ALT '*')))))))) (RULE parameter (BLOCK (ALT (SET ID 'void')))) (RULE declaration (BLOCK (ALT dataType ID (? (BLOCK (ALT LBRACK INT COLON INT RBRACK))) (? (BLOCK (ALT EQUAL primary))) SEMICOLON))) (RULE dataType (BLOCK (ALT (SET 'int' 'real' 'logic' 'byte' ID)))) (RULE statement (BLOCK (ALT (BLOCK (ALT assignment) (ALT declaration) (ALT functionCall) (ALT ifStatement) (ALT loopStatement) (ALT switchStatement) (ALT displayStatement) (ALT comment)) (? (BLOCK (ALT SEMICOLON)))))) (RULE statementTwo (BLOCK (ALT (BLOCK (ALT assignment) (ALT declaration) (ALT functionCall) (ALT ifStatement) (ALT loopStatement) (ALT switchStatement) (ALT displayStatement) (ALT comment)) (? (BLOCK (ALT SEMICOLON)))))) (RULE assignment (BLOCK (ALT indexedID (BLOCK (ALT (BLOCK (ALT EQUAL expression))) (ALT (BLOCK (ALT '++'))) (ALT (BLOCK (ALT '--'))))))) (RULE indexedID (BLOCK (ALT ID (* (BLOCK (ALT LBRACK expression RBRACK)))))) (RULE functionCall (BLOCK (ALT ID LPAREN (? (BLOCK (ALT argumentList))) RPAREN))) (RULE argumentList (BLOCK (ALT argument (* (BLOCK (ALT COMMA argument)))))) (RULE argument (BLOCK (ALT expression) (ALT transformedArgument))) (RULE transformedArgument (BLOCK (ALT dataCastArgument) (ALT bitsArgument))) (RULE dataCastArgument (BLOCK (ALT dataType QUOTE ID))) (RULE bitsArgument (BLOCK (ALT DOLLAR 'bits' LPAREN ID RPAREN))) (RULE functionCallID (BLOCK (ALT ID))) (RULE ifStatement (BLOCK (ALT IF LPAREN expression RPAREN BEGIN (+ (BLOCK (ALT statement))) END (? (BLOCK (ALT ELSE BEGIN (+ (BLOCK (ALT statementTwo))) END)))))) (RULE loopStatement (BLOCK (ALT forLoop) (ALT whileLoop))) (RULE forLoop (BLOCK (ALT FOR LPAREN dataType assignment SEMICOLON expression SEMICOLON assignment RPAREN (? (BLOCK (ALT BEGIN))) (+ (BLOCK (ALT statement))) (? (BLOCK (ALT END)))))) (RULE whileLoop (BLOCK (ALT WHILE LPAREN expression RPAREN (? (BLOCK (ALT BEGIN))) (+ (BLOCK (ALT statement))) (? (BLOCK (ALT END)))))) (RULE switchStatement (BLOCK (ALT CASE LPAREN expression RPAREN (+ (BLOCK (ALT caseBlock))) (? (BLOCK (ALT defaultBlock))) ENDCASE))) (RULE caseBlock (BLOCK (ALT expression COLON (? (BLOCK (ALT BEGIN))) (* (BLOCK (ALT statement))) (? (BLOCK (ALT END))) (? (BLOCK (ALT SEMICOLON)))))) (RULE defaultBlock (BLOCK (ALT DEFAULT COLON (? (BLOCK (ALT (* (BLOCK (ALT statement)))))) (? (BLOCK (ALT SEMICOLON)))))) (RULE expression (BLOCK (ALT primary (? (BLOCK (ALT LPAREN (? (BLOCK (ALT argumentList))) RPAREN))) (* (BLOCK (ALT operator primary)))))) (RULE primary (BLOCK (ALT ID) (ALT HEX_INT) (ALT INT) (ALT STRING) (ALT CHAR) (ALT dataType) (ALT LPAREN expression RPAREN) (ALT castFunctionCall))) (RULE operator (BLOCK (ALT (SET PLUS MINUS STAR SLASH PERCENT LT GT LE GE EQEQ NOTEQ)))) (RULE castFunctionCall (BLOCK (ALT dataType QUOTE ID LPAREN RPAREN))) (RULE displayStatement (BLOCK (ALT DISPLAY LPAREN (? (BLOCK (ALT STRING))) (? (BLOCK (ALT argument))) (? (BLOCK (ALT COMMA argumentList))) RPAREN))) (RULE comment (BLOCK (ALT (SET SINGLE_LINE_COMMENT MULTI_LINE_COMMENT))))))
2024-10-15 22:40:21:716 grammar LogManager.java:25 after extract implicit lexer =(COMBINED_GRAMMAR SystemVerilog2Tree (@ header {
package SystemVerilog2TreeTransformation;
}) (RULES (RULE file (BLOCK (ALT (* (BLOCK (ALT moduleDecl))) EOF))) (RULE moduleDecl (BLOCK (ALT 'module' ID SEMICOLON (* (BLOCK (ALT moduleItem))) 'endmodule'))) (RULE moduleItem (BLOCK (ALT declaration) (ALT functionDecl) (ALT statement) (ALT initialBlock))) (RULE initialBlock (BLOCK (ALT 'initial' BEGIN statement END))) (RULE functionDecl (BLOCK (ALT 'function' returnType ID LPAREN (? (BLOCK (ALT parameterList))) RPAREN SEMICOLON (* (BLOCK (ALT statement))) 'endfunction'))) (RULE returnType (BLOCK (ALT (SET 'void' 'int' 'real' ID)))) (RULE parameterList (BLOCK (ALT parameter (* (BLOCK (ALT (? (BLOCK (ALT COMMA))) (BLOCK (ALT parameter) (ALT 'const') (ALT '*')))))))) (RULE parameter (BLOCK (ALT (SET ID 'void')))) (RULE declaration (BLOCK (ALT dataType ID (? (BLOCK (ALT LBRACK INT COLON INT RBRACK))) (? (BLOCK (ALT EQUAL primary))) SEMICOLON))) (RULE dataType (BLOCK (ALT (SET 'int' 'real' 'logic' 'byte' ID)))) (RULE statement (BLOCK (ALT (BLOCK (ALT assignment) (ALT declaration) (ALT functionCall) (ALT ifStatement) (ALT loopStatement) (ALT switchStatement) (ALT displayStatement) (ALT comment)) (? (BLOCK (ALT SEMICOLON)))))) (RULE statementTwo (BLOCK (ALT (BLOCK (ALT assignment) (ALT declaration) (ALT functionCall) (ALT ifStatement) (ALT loopStatement) (ALT switchStatement) (ALT displayStatement) (ALT comment)) (? (BLOCK (ALT SEMICOLON)))))) (RULE assignment (BLOCK (ALT indexedID (BLOCK (ALT (BLOCK (ALT EQUAL expression))) (ALT (BLOCK (ALT '++'))) (ALT (BLOCK (ALT '--'))))))) (RULE indexedID (BLOCK (ALT ID (* (BLOCK (ALT LBRACK expression RBRACK)))))) (RULE functionCall (BLOCK (ALT ID LPAREN (? (BLOCK (ALT argumentList))) RPAREN))) (RULE argumentList (BLOCK (ALT argument (* (BLOCK (ALT COMMA argument)))))) (RULE argument (BLOCK (ALT expression) (ALT transformedArgument))) (RULE transformedArgument (BLOCK (ALT dataCastArgument) (ALT bitsArgument))) (RULE dataCastArgument (BLOCK (ALT dataType QUOTE ID))) (RULE bitsArgument (BLOCK (ALT DOLLAR 'bits' LPAREN ID RPAREN))) (RULE functionCallID (BLOCK (ALT ID))) (RULE ifStatement (BLOCK (ALT IF LPAREN expression RPAREN BEGIN (+ (BLOCK (ALT statement))) END (? (BLOCK (ALT ELSE BEGIN (+ (BLOCK (ALT statementTwo))) END)))))) (RULE loopStatement (BLOCK (ALT forLoop) (ALT whileLoop))) (RULE forLoop (BLOCK (ALT FOR LPAREN dataType assignment SEMICOLON expression SEMICOLON assignment RPAREN (? (BLOCK (ALT BEGIN))) (+ (BLOCK (ALT statement))) (? (BLOCK (ALT END)))))) (RULE whileLoop (BLOCK (ALT WHILE LPAREN expression RPAREN (? (BLOCK (ALT BEGIN))) (+ (BLOCK (ALT statement))) (? (BLOCK (ALT END)))))) (RULE switchStatement (BLOCK (ALT CASE LPAREN expression RPAREN (+ (BLOCK (ALT caseBlock))) (? (BLOCK (ALT defaultBlock))) ENDCASE))) (RULE caseBlock (BLOCK (ALT expression COLON (? (BLOCK (ALT BEGIN))) (* (BLOCK (ALT statement))) (? (BLOCK (ALT END))) (? (BLOCK (ALT SEMICOLON)))))) (RULE defaultBlock (BLOCK (ALT DEFAULT COLON (? (BLOCK (ALT (* (BLOCK (ALT statement)))))) (? (BLOCK (ALT SEMICOLON)))))) (RULE expression (BLOCK (ALT primary (? (BLOCK (ALT LPAREN (? (BLOCK (ALT argumentList))) RPAREN))) (* (BLOCK (ALT operator primary)))))) (RULE primary (BLOCK (ALT ID) (ALT HEX_INT) (ALT INT) (ALT STRING) (ALT CHAR) (ALT dataType) (ALT LPAREN expression RPAREN) (ALT castFunctionCall))) (RULE operator (BLOCK (ALT (SET PLUS MINUS STAR SLASH PERCENT LT GT LE GE EQEQ NOTEQ)))) (RULE castFunctionCall (BLOCK (ALT dataType QUOTE ID LPAREN RPAREN))) (RULE displayStatement (BLOCK (ALT DISPLAY LPAREN (? (BLOCK (ALT STRING))) (? (BLOCK (ALT argument))) (? (BLOCK (ALT COMMA argumentList))) RPAREN))) (RULE comment (BLOCK (ALT (SET SINGLE_LINE_COMMENT MULTI_LINE_COMMENT))))))
2024-10-15 22:40:21:716 grammar LogManager.java:25 lexer =(LEXER_GRAMMAR SystemVerilog2TreeLexer (@ header {
package SystemVerilog2TreeTransformation;
}) (RULES (RULE T__0 (BLOCK (ALT 'module'))) (RULE T__1 (BLOCK (ALT 'endmodule'))) (RULE T__2 (BLOCK (ALT 'initial'))) (RULE T__3 (BLOCK (ALT 'function'))) (RULE T__4 (BLOCK (ALT 'endfunction'))) (RULE T__5 (BLOCK (ALT 'void'))) (RULE T__6 (BLOCK (ALT 'int'))) (RULE T__7 (BLOCK (ALT 'real'))) (RULE T__8 (BLOCK (ALT 'const'))) (RULE T__9 (BLOCK (ALT 'logic'))) (RULE T__10 (BLOCK (ALT 'byte'))) (RULE T__11 (BLOCK (ALT '++'))) (RULE T__12 (BLOCK (ALT '--'))) (RULE T__13 (BLOCK (ALT 'bits'))) (RULE ELSE (BLOCK (ALT 'else'))) (RULE CASE (BLOCK (ALT 'case'))) (RULE DEFAULT (BLOCK (ALT 'default'))) (RULE BREAK (BLOCK (ALT 'break'))) (RULE FOR (BLOCK (ALT 'for'))) (RULE WHILE (BLOCK (ALT 'while'))) (RULE BEGIN (BLOCK (ALT 'begin'))) (RULE END (BLOCK (ALT 'end'))) (RULE ENDCASE (BLOCK (ALT 'endcase'))) (RULE IF (BLOCK (ALT 'if'))) (RULE DISPLAY (BLOCK (ALT '$display'))) (RULE ID (BLOCK (ALT [a-zA-Z_.] (* (BLOCK (ALT [a-zA-Z0-9_.])))))) (RULE INT (BLOCK (ALT (+ (BLOCK (ALT [0-9])))))) (RULE HEX_INT (BLOCK (ALT '0x' (+ (BLOCK (ALT [0-9a-fA-F])))))) (RULE WS (BLOCK (LEXER_ALT_ACTION (ALT (+ (BLOCK (ALT [ \t\r\n])))) skip))) (RULE SINGLE_LINE_COMMENT (BLOCK (ALT '//' (* (BLOCK (ALT (~ (SET [\r\n])))))))) (RULE MULTI_LINE_COMMENT (BLOCK (ALT '/*' (* (BLOCK (ALT .))) '*/'))) (RULE STRING (BLOCK (ALT '"' (* (BLOCK (ALT '\\"') (ALT (~ (SET ["]))))) '"'))) (RULE CHAR (BLOCK (ALT '\'' . '\''))) (RULE SEMICOLON (BLOCK (ALT ';'))) (RULE COLON (BLOCK (ALT ':'))) (RULE COMMA (BLOCK (ALT ','))) (RULE DOT (BLOCK (ALT '.'))) (RULE LPAREN (BLOCK (ALT '('))) (RULE RPAREN (BLOCK (ALT ')'))) (RULE LBRACE (BLOCK (ALT '{'))) (RULE RBRACE (BLOCK (ALT '}'))) (RULE LBRACK (BLOCK (ALT '['))) (RULE RBRACK (BLOCK (ALT ']'))) (RULE EQUAL (BLOCK (ALT '='))) (RULE PLUS (BLOCK (ALT '+'))) (RULE MINUS (BLOCK (ALT '-'))) (RULE STAR (BLOCK (ALT '*'))) (RULE SLASH (BLOCK (ALT '/'))) (RULE PERCENT (BLOCK (ALT '%'))) (RULE LT (BLOCK (ALT '<'))) (RULE GT (BLOCK (ALT '>'))) (RULE LE (BLOCK (ALT '<='))) (RULE GE (BLOCK (ALT '>='))) (RULE EQEQ (BLOCK (ALT '=='))) (RULE NOTEQ (BLOCK (ALT '!='))) (RULE QUOTE (BLOCK (ALT '\''))) (RULE DOLLAR (BLOCK (ALT '$')))))
2024-10-15 22:40:21:888 action-translator LogManager.java:25 translate 
package SystemVerilog2TreeTransformation;

2024-10-15 22:40:21:980 semantics LogManager.java:25 tokens={EOF=-1, T__0=1, T__1=2, T__2=3, T__3=4, T__4=5, T__5=6, T__6=7, T__7=8, T__8=9, T__9=10, T__10=11, T__11=12, T__12=13, T__13=14, ELSE=15, CASE=16, DEFAULT=17, BREAK=18, FOR=19, WHILE=20, BEGIN=21, END=22, ENDCASE=23, IF=24, DISPLAY=25, ID=26, INT=27, HEX_INT=28, WS=29, SINGLE_LINE_COMMENT=30, MULTI_LINE_COMMENT=31, STRING=32, CHAR=33, SEMICOLON=34, COLON=35, COMMA=36, DOT=37, LPAREN=38, RPAREN=39, LBRACE=40, RBRACE=41, LBRACK=42, RBRACK=43, EQUAL=44, PLUS=45, MINUS=46, STAR=47, SLASH=48, PERCENT=49, LT=50, GT=51, LE=52, GE=53, EQEQ=54, NOTEQ=55, QUOTE=56, DOLLAR=57}
2024-10-15 22:40:21:980 semantics LogManager.java:25 strings={'module'=1, 'endmodule'=2, 'initial'=3, 'function'=4, 'endfunction'=5, 'void'=6, 'int'=7, 'real'=8, 'const'=9, 'logic'=10, 'byte'=11, '++'=12, '--'=13, 'bits'=14, 'else'=15, 'case'=16, 'default'=17, 'break'=18, 'for'=19, 'while'=20, 'begin'=21, 'end'=22, 'endcase'=23, 'if'=24, '$display'=25, ';'=34, ':'=35, ','=36, '.'=37, '('=38, ')'=39, '{'=40, '}'=41, '['=42, ']'=43, '='=44, '+'=45, '-'=46, '*'=47, '/'=48, '%'=49, '<'=50, '>'=51, '<='=52, '>='=53, '=='=54, '!='=55, '\''=56, '$'=57}
2024-10-15 22:40:22:003 LL1 LogManager.java:25 
DECISION 0 in rule file
2024-10-15 22:40:22:003 LL1 LogManager.java:25 look=[1, <EOF>]
2024-10-15 22:40:22:004 LL1 LogManager.java:25 LL(1)? true
2024-10-15 22:40:22:004 LL1 LogManager.java:25 
DECISION 1 in rule moduleDecl
2024-10-15 22:40:22:004 LL1 LogManager.java:25 look=[{3..4, 7..8, 10..11, 16, 19..20, 24..26, 30..31}, 2]
2024-10-15 22:40:22:004 LL1 LogManager.java:25 LL(1)? true
2024-10-15 22:40:22:004 LL1 LogManager.java:25 
DECISION 2 in rule moduleItem
2024-10-15 22:40:22:004 LL1 LogManager.java:25 look=[{7..8, 10..11, 26}, 4, {7..8, 10..11, 16, 19..20, 24..26, 30..31}, 3]
2024-10-15 22:40:22:004 LL1 LogManager.java:25 LL(1)? false
2024-10-15 22:40:22:004 LL1 LogManager.java:25 
DECISION 3 in rule functionDecl
2024-10-15 22:40:22:004 LL1 LogManager.java:25 look=[{6, 26}, 39]
2024-10-15 22:40:22:004 LL1 LogManager.java:25 LL(1)? true
2024-10-15 22:40:22:004 LL1 LogManager.java:25 
DECISION 4 in rule functionDecl
2024-10-15 22:40:22:004 LL1 LogManager.java:25 look=[{7..8, 10..11, 16, 19..20, 24..26, 30..31}, 5]
2024-10-15 22:40:22:004 LL1 LogManager.java:25 LL(1)? true
2024-10-15 22:40:22:004 LL1 LogManager.java:25 
DECISION 5 in rule parameterList
2024-10-15 22:40:22:004 LL1 LogManager.java:25 look=[36, {6, 9, 26, 47}]
2024-10-15 22:40:22:004 LL1 LogManager.java:25 LL(1)? true
2024-10-15 22:40:22:004 LL1 LogManager.java:25 
DECISION 6 in rule parameterList
2024-10-15 22:40:22:004 LL1 LogManager.java:25 look=[{6, 26}, 9, 47]
2024-10-15 22:40:22:004 LL1 LogManager.java:25 LL(1)? true
2024-10-15 22:40:22:004 LL1 LogManager.java:25 
DECISION 7 in rule parameterList
2024-10-15 22:40:22:004 LL1 LogManager.java:25 look=[{6, 9, 26, 36, 47}, 39]
2024-10-15 22:40:22:004 LL1 LogManager.java:25 LL(1)? true
2024-10-15 22:40:22:004 LL1 LogManager.java:25 
DECISION 8 in rule declaration
2024-10-15 22:40:22:004 LL1 LogManager.java:25 look=[42, {34, 44}]
2024-10-15 22:40:22:005 LL1 LogManager.java:25 LL(1)? true
2024-10-15 22:40:22:005 LL1 LogManager.java:25 
DECISION 9 in rule declaration
2024-10-15 22:40:22:005 LL1 LogManager.java:25 look=[44, 34]
2024-10-15 22:40:22:005 LL1 LogManager.java:25 LL(1)? true
2024-10-15 22:40:22:005 LL1 LogManager.java:25 
DECISION 10 in rule statement
2024-10-15 22:40:22:005 LL1 LogManager.java:25 look=[26, {7..8, 10..11, 26}, 26, 24, {19..20}, 16, 25, {30..31}]
2024-10-15 22:40:22:005 LL1 LogManager.java:25 LL(1)? false
2024-10-15 22:40:22:005 LL1 LogManager.java:25 
DECISION 11 in rule statement
2024-10-15 22:40:22:005 LL1 LogManager.java:25 look=[34, {2..5, 7..8, 10..11, 16..17, 19..20, 22..28, 30..34, 38}]
2024-10-15 22:40:22:005 LL1 LogManager.java:25 LL(1)? false
2024-10-15 22:40:22:005 LL1 LogManager.java:25 
DECISION 12 in rule statementTwo
2024-10-15 22:40:22:006 LL1 LogManager.java:25 look=[26, {7..8, 10..11, 26}, 26, 24, {19..20}, 16, 25, {30..31}]
2024-10-15 22:40:22:006 LL1 LogManager.java:25 LL(1)? false
2024-10-15 22:40:22:006 LL1 LogManager.java:25 
DECISION 13 in rule statementTwo
2024-10-15 22:40:22:006 LL1 LogManager.java:25 look=[34, {7..8, 10..11, 16, 19..20, 22, 24..26, 30..31}]
2024-10-15 22:40:22:006 LL1 LogManager.java:25 LL(1)? true
2024-10-15 22:40:22:006 LL1 LogManager.java:25 
DECISION 14 in rule assignment
2024-10-15 22:40:22:006 LL1 LogManager.java:25 look=[44, 12, 13]
2024-10-15 22:40:22:006 LL1 LogManager.java:25 LL(1)? true
2024-10-15 22:40:22:006 LL1 LogManager.java:25 
DECISION 15 in rule indexedID
2024-10-15 22:40:22:006 LL1 LogManager.java:25 look=[42, {12..13, 44}]
2024-10-15 22:40:22:006 LL1 LogManager.java:25 LL(1)? true
2024-10-15 22:40:22:006 LL1 LogManager.java:25 
DECISION 16 in rule functionCall
2024-10-15 22:40:22:006 LL1 LogManager.java:25 look=[{7..8, 10..11, 26..28, 32..33, 38, 57}, 39]
2024-10-15 22:40:22:006 LL1 LogManager.java:25 LL(1)? true
2024-10-15 22:40:22:006 LL1 LogManager.java:25 
DECISION 17 in rule argumentList
2024-10-15 22:40:22:006 LL1 LogManager.java:25 look=[36, 39]
2024-10-15 22:40:22:006 LL1 LogManager.java:25 LL(1)? true
2024-10-15 22:40:22:006 LL1 LogManager.java:25 
DECISION 18 in rule argument
2024-10-15 22:40:22:006 LL1 LogManager.java:25 look=[{7..8, 10..11, 26..28, 32..33, 38}, {7..8, 10..11, 26, 57}]
2024-10-15 22:40:22:006 LL1 LogManager.java:25 LL(1)? false
2024-10-15 22:40:22:006 LL1 LogManager.java:25 
DECISION 19 in rule transformedArgument
2024-10-15 22:40:22:006 LL1 LogManager.java:25 look=[{7..8, 10..11, 26}, 57]
2024-10-15 22:40:22:006 LL1 LogManager.java:25 LL(1)? true
2024-10-15 22:40:22:006 LL1 LogManager.java:25 
DECISION 20 in rule ifStatement
2024-10-15 22:40:22:006 LL1 LogManager.java:25 look=[{7..8, 10..11, 16, 19..20, 24..26, 30..31}, 22]
2024-10-15 22:40:22:006 LL1 LogManager.java:25 LL(1)? true
2024-10-15 22:40:22:006 LL1 LogManager.java:25 
DECISION 21 in rule ifStatement
2024-10-15 22:40:22:006 LL1 LogManager.java:25 look=[{7..8, 10..11, 16, 19..20, 24..26, 30..31}, 22]
2024-10-15 22:40:22:006 LL1 LogManager.java:25 LL(1)? true
2024-10-15 22:40:22:006 LL1 LogManager.java:25 
DECISION 22 in rule ifStatement
2024-10-15 22:40:22:007 LL1 LogManager.java:25 look=[15, {2..5, 7..8, 10..11, 16..17, 19..20, 22..28, 30..34, 38}]
2024-10-15 22:40:22:007 LL1 LogManager.java:25 LL(1)? true
2024-10-15 22:40:22:007 LL1 LogManager.java:25 
DECISION 23 in rule loopStatement
2024-10-15 22:40:22:007 LL1 LogManager.java:25 look=[19, 20]
2024-10-15 22:40:22:007 LL1 LogManager.java:25 LL(1)? true
2024-10-15 22:40:22:007 LL1 LogManager.java:25 
DECISION 24 in rule forLoop
2024-10-15 22:40:22:007 LL1 LogManager.java:25 look=[21, {7..8, 10..11, 16, 19..20, 24..26, 30..31}]
2024-10-15 22:40:22:007 LL1 LogManager.java:25 LL(1)? true
2024-10-15 22:40:22:007 LL1 LogManager.java:25 
DECISION 25 in rule forLoop
2024-10-15 22:40:22:008 LL1 LogManager.java:25 look=[{7..8, 10..11, 16, 19..20, 24..26, 30..31}, {2..5, 7..8, 10..11, 16..17, 19..20, 22..28, 30..34, 38}]
2024-10-15 22:40:22:008 LL1 LogManager.java:25 LL(1)? false
2024-10-15 22:40:22:008 LL1 LogManager.java:25 
DECISION 26 in rule forLoop
2024-10-15 22:40:22:008 LL1 LogManager.java:25 look=[22, {2..5, 7..8, 10..11, 16..17, 19..20, 22..28, 30..34, 38}]
2024-10-15 22:40:22:008 LL1 LogManager.java:25 LL(1)? false
2024-10-15 22:40:22:008 LL1 LogManager.java:25 
DECISION 27 in rule whileLoop
2024-10-15 22:40:22:008 LL1 LogManager.java:25 look=[21, {7..8, 10..11, 16, 19..20, 24..26, 30..31}]
2024-10-15 22:40:22:008 LL1 LogManager.java:25 LL(1)? true
2024-10-15 22:40:22:008 LL1 LogManager.java:25 
DECISION 28 in rule whileLoop
2024-10-15 22:40:22:008 LL1 LogManager.java:25 look=[{7..8, 10..11, 16, 19..20, 24..26, 30..31}, {2..5, 7..8, 10..11, 16..17, 19..20, 22..28, 30..34, 38}]
2024-10-15 22:40:22:008 LL1 LogManager.java:25 LL(1)? false
2024-10-15 22:40:22:009 LL1 LogManager.java:25 
DECISION 29 in rule whileLoop
2024-10-15 22:40:22:009 LL1 LogManager.java:25 look=[22, {2..5, 7..8, 10..11, 16..17, 19..20, 22..28, 30..34, 38}]
2024-10-15 22:40:22:009 LL1 LogManager.java:25 LL(1)? false
2024-10-15 22:40:22:009 LL1 LogManager.java:25 
DECISION 30 in rule switchStatement
2024-10-15 22:40:22:009 LL1 LogManager.java:25 look=[{7..8, 10..11, 26..28, 32..33, 38}, {17, 23}]
2024-10-15 22:40:22:009 LL1 LogManager.java:25 LL(1)? true
2024-10-15 22:40:22:009 LL1 LogManager.java:25 
DECISION 31 in rule switchStatement
2024-10-15 22:40:22:009 LL1 LogManager.java:25 look=[17, 23]
2024-10-15 22:40:22:009 LL1 LogManager.java:25 LL(1)? true
2024-10-15 22:40:22:009 LL1 LogManager.java:25 
DECISION 32 in rule caseBlock
2024-10-15 22:40:22:009 LL1 LogManager.java:25 look=[21, {7..8, 10..11, 16..17, 19..20, 22..28, 30..34, 38}]
2024-10-15 22:40:22:009 LL1 LogManager.java:25 LL(1)? true
2024-10-15 22:40:22:009 LL1 LogManager.java:25 
DECISION 33 in rule caseBlock
2024-10-15 22:40:22:009 LL1 LogManager.java:25 look=[{7..8, 10..11, 16, 19..20, 24..26, 30..31}, {7..8, 10..11, 17, 22..23, 26..28, 32..34, 38}]
2024-10-15 22:40:22:009 LL1 LogManager.java:25 LL(1)? false
2024-10-15 22:40:22:009 LL1 LogManager.java:25 
DECISION 34 in rule caseBlock
2024-10-15 22:40:22:009 LL1 LogManager.java:25 look=[22, {7..8, 10..11, 17, 23, 26..28, 32..34, 38}]
2024-10-15 22:40:22:009 LL1 LogManager.java:25 LL(1)? true
2024-10-15 22:40:22:009 LL1 LogManager.java:25 
DECISION 35 in rule caseBlock
2024-10-15 22:40:22:009 LL1 LogManager.java:25 look=[34, {7..8, 10..11, 17, 23, 26..28, 32..33, 38}]
2024-10-15 22:40:22:009 LL1 LogManager.java:25 LL(1)? true
2024-10-15 22:40:22:009 LL1 LogManager.java:25 
DECISION 36 in rule defaultBlock
2024-10-15 22:40:22:009 LL1 LogManager.java:25 look=[{7..8, 10..11, 16, 19..20, 24..26, 30..31}, {23, 34}]
2024-10-15 22:40:22:009 LL1 LogManager.java:25 LL(1)? true
2024-10-15 22:40:22:009 LL1 LogManager.java:25 
DECISION 37 in rule defaultBlock
2024-10-15 22:40:22:009 LL1 LogManager.java:25 look=[{7..8, 10..11, 16, 19..20, 23..26, 30..31, 34}, {23, 34}]
2024-10-15 22:40:22:009 LL1 LogManager.java:25 LL(1)? false
2024-10-15 22:40:22:010 LL1 LogManager.java:25 
DECISION 38 in rule defaultBlock
2024-10-15 22:40:22:010 LL1 LogManager.java:25 look=[34, 23]
2024-10-15 22:40:22:010 LL1 LogManager.java:25 LL(1)? true
2024-10-15 22:40:22:010 LL1 LogManager.java:25 
DECISION 39 in rule expression
2024-10-15 22:40:22:010 LL1 LogManager.java:25 look=[{7..8, 10..11, 26..28, 32..33, 38, 57}, 39]
2024-10-15 22:40:22:010 LL1 LogManager.java:25 LL(1)? true
2024-10-15 22:40:22:010 LL1 LogManager.java:25 
DECISION 40 in rule expression
2024-10-15 22:40:22:010 LL1 LogManager.java:25 look=[38, {2..5, 7..8, 10..11, 16..17, 19..20, 22..28, 30..36, 38..39, 43, 45..55}]
2024-10-15 22:40:22:010 LL1 LogManager.java:25 LL(1)? false
2024-10-15 22:40:22:010 LL1 LogManager.java:25 
DECISION 41 in rule expression
2024-10-15 22:40:22:010 LL1 LogManager.java:25 look=[{45..55}, {2..5, 7..8, 10..11, 16..17, 19..20, 22..28, 30..36, 38..39, 43}]
2024-10-15 22:40:22:011 LL1 LogManager.java:25 LL(1)? true
2024-10-15 22:40:22:011 LL1 LogManager.java:25 
DECISION 42 in rule primary
2024-10-15 22:40:22:011 LL1 LogManager.java:25 look=[26, 28, 27, 32, 33, {7..8, 10..11, 26}, 38, {7..8, 10..11, 26}]
2024-10-15 22:40:22:011 LL1 LogManager.java:25 LL(1)? false
2024-10-15 22:40:22:011 LL1 LogManager.java:25 
DECISION 43 in rule displayStatement
2024-10-15 22:40:22:011 LL1 LogManager.java:25 look=[32, {7..8, 10..11, 26..28, 32..33, 36, 38..39, 57}]
2024-10-15 22:40:22:011 LL1 LogManager.java:25 LL(1)? false
2024-10-15 22:40:22:011 LL1 LogManager.java:25 
DECISION 44 in rule displayStatement
2024-10-15 22:40:22:011 LL1 LogManager.java:25 look=[{7..8, 10..11, 26..28, 32..33, 38, 57}, {36, 39}]
2024-10-15 22:40:22:011 LL1 LogManager.java:25 LL(1)? true
2024-10-15 22:40:22:011 LL1 LogManager.java:25 
DECISION 45 in rule displayStatement
2024-10-15 22:40:22:011 LL1 LogManager.java:25 look=[36, 39]
2024-10-15 22:40:22:011 LL1 LogManager.java:25 LL(1)? true
2024-10-15 22:40:22:011 action-translator LogManager.java:25 translate 
package SystemVerilog2TreeTransformation;

2024-10-15 22:40:22:115 action-translator LogManager.java:25 translate 
package SystemVerilog2TreeTransformation;

2024-10-15 22:40:22:116 action-translator LogManager.java:25 translate 
package SystemVerilog2TreeTransformation;

2024-10-15 22:40:22:120 action-translator LogManager.java:25 translate 
package SystemVerilog2TreeTransformation;

2024-10-15 22:40:22:120 action-translator LogManager.java:25 translate 
package SystemVerilog2TreeTransformation;

2024-10-15 22:40:22:122 action-translator LogManager.java:25 translate 
package SystemVerilog2TreeTransformation;

2024-10-15 22:40:22:122 action-translator LogManager.java:25 translate 
package SystemVerilog2TreeTransformation;

2024-10-15 22:40:22:125 action-translator LogManager.java:25 translate 
package SystemVerilog2TreeTransformation;

2024-10-15 22:40:22:125 action-translator LogManager.java:25 translate 
package SystemVerilog2TreeTransformation;

